# JRE version: OpenJDK Runtime Environment (11.0.12+7) (build 11.0.12+7-b1504.28-7817840)
# Java VM: OpenJDK 64-Bit Server VM (11.0.12+7-b1504.28-7817840, mixed mode, tiered, compressed oops, g1 gc, windows-amd64)
Heap:
 garbage-first heap   total 98304K, used 62983K [0x0000000080000000, 0x0000000100000000)
  region size 1024K, 45 young (46080K), 6 survivors (6144K)
 Metaspace       used 37911K, capacity 38889K, committed 39116K, reserved 1083392K
  class space    used 4905K, capacity 5246K, committed 5324K, reserved 1048576K
GC Heap History (12 events):
Event: 1.095 GC heap before
{Heap before GC invocations=0 (full 0):
 garbage-first heap   total 98304K, used 29696K [0x0000000080000000, 0x0000000100000000)
  region size 1024K, 24 young (24576K), 0 survivors (0K)
 Metaspace       used 10194K, capacity 10371K, committed 10624K, reserved 1058816K
  class space    used 1065K, capacity 1141K, committed 1152K, reserved 1048576K
}
Event: 1.103 GC heap after
{Heap after GC invocations=1 (full 0):
 garbage-first heap   total 98304K, used 9496K [0x0000000080000000, 0x0000000100000000)
  region size 1024K, 3 young (3072K), 3 survivors (3072K)
 Metaspace       used 10194K, capacity 10371K, committed 10624K, reserved 1058816K
  class space    used 1065K, capacity 1141K, committed 1152K, reserved 1048576K
}
Event: 2.100 GC heap before
{Heap before GC invocations=1 (full 0):
 garbage-first heap   total 98304K, used 64792K [0x0000000080000000, 0x0000000100000000)
  region size 1024K, 57 young (58368K), 3 survivors (3072K)
 Metaspace       used 13876K, capacity 14239K, committed 14592K, reserved 1062912K
  class space    used 1555K, capacity 1686K, committed 1792K, reserved 1048576K
}
Event: 2.109 GC heap after
{Heap after GC invocations=2 (full 0):
 garbage-first heap   total 98304K, used 14856K [0x0000000080000000, 0x0000000100000000)
  region size 1024K, 8 young (8192K), 8 survivors (8192K)
 Metaspace       used 13876K, capacity 14239K, committed 14592K, reserved 1062912K
  class space    used 1555K, capacity 1686K, committed 1792K, reserved 1048576K
}
Event: 4.529 GC heap before
{Heap before GC invocations=2 (full 0):
 garbage-first heap   total 98304K, used 54792K [0x0000000080000000, 0x0000000100000000)
  region size 1024K, 48 young (49152K), 8 survivors (8192K)
 Metaspace       used 20601K, capacity 21100K, committed 21248K, reserved 1067008K
  class space    used 2512K, capacity 2690K, committed 2816K, reserved 1048576K
}
Event: 4.537 GC heap after
{Heap after GC invocations=3 (full 0):
 garbage-first heap   total 98304K, used 16728K [0x0000000080000000, 0x0000000100000000)
  region size 1024K, 2 young (2048K), 2 survivors (2048K)
 Metaspace       used 20601K, capacity 21100K, committed 21248K, reserved 1067008K
  class space    used 2512K, capacity 2690K, committed 2816K, reserved 1048576K
}
Event: 5.549 GC heap before
{Heap before GC invocations=4 (full 0):
 garbage-first heap   total 98304K, used 62808K [0x0000000080000000, 0x0000000100000000)
  region size 1024K, 47 young (48128K), 2 survivors (2048K)
 Metaspace       used 25415K, capacity 25978K, committed 26112K, reserved 1071104K
  class space    used 3312K, capacity 3534K, committed 3584K, reserved 1048576K
}
Event: 5.553 GC heap after
{Heap after GC invocations=5 (full 0):
 garbage-first heap   total 98304K, used 18342K [0x0000000080000000, 0x0000000100000000)
  region size 1024K, 4 young (4096K), 4 survivors (4096K)
 Metaspace       used 25415K, capacity 25978K, committed 26112K, reserved 1071104K
  class space    used 3312K, capacity 3534K, committed 3584K, reserved 1048576K
}
Event: 6.923 GC heap before
{Heap before GC invocations=5 (full 0):
 garbage-first heap   total 98304K, used 65446K [0x0000000080000000, 0x0000000100000000)
  region size 1024K, 50 young (51200K), 4 survivors (4096K)
 Metaspace       used 30092K, capacity 30815K, committed 30976K, reserved 1075200K
  class space    used 4033K, capacity 4274K, committed 4352K, reserved 1048576K
}
Event: 6.931 GC heap after
{Heap after GC invocations=6 (full 0):
 garbage-first heap   total 98304K, used 19698K [0x0000000080000000, 0x0000000100000000)
  region size 1024K, 5 young (5120K), 5 survivors (5120K)
 Metaspace       used 30092K, capacity 30815K, committed 30976K, reserved 1075200K
  class space    used 4033K, capacity 4274K, committed 4352K, reserved 1048576K
}
Event: 7.842 GC heap before
{Heap before GC invocations=6 (full 0):
 garbage-first heap   total 98304K, used 35058K [0x0000000080000000, 0x0000000100000000)
  region size 1024K, 22 young (22528K), 5 survivors (5120K)
 Metaspace       used 35055K, capacity 35838K, committed 35840K, reserved 1081344K
  class space    used 4541K, capacity 4864K, committed 4864K, reserved 1048576K
}
Event: 7.865 GC heap after
{Heap after GC invocations=7 (full 0):
 garbage-first heap   total 98304K, used 22023K [0x0000000080000000, 0x0000000100000000)
  region size 1024K, 6 young (6144K), 6 survivors (6144K)
 Metaspace       used 35055K, capacity 35838K, committed 35840K, reserved 1081344K
  class space    used 4541K, capacity 4864K, committed 4864K, reserved 1048576K
}

